<?xml version="1.0" encoding="UTF-8"?>
<testng-results skipped="0" failed="0" total="1" passed="1">
  <reporter-output>
  </reporter-output>
  <suite name="Suite" duration-ms="20560" started-at="2018-10-05T07:38:05Z" finished-at="2018-10-05T07:38:26Z">
    <groups>
    </groups>
    <test name="Test" duration-ms="20560" started-at="2018-10-05T07:38:05Z" finished-at="2018-10-05T07:38:26Z">
      <class name="com.dattu.Project.Automations.NewToures">
        <test-method status="PASS" signature="test()[pri:0, instance:com.dattu.Project.Automations.NewToures@204f30ec]" name="test" duration-ms="20516" started-at="2018-10-05T13:08:05Z" finished-at="2018-10-05T13:08:26Z">
          <reporter-output>
          </reporter-output>
        </test-method> <!-- test -->
      </class> <!-- com.dattu.Project.Automations.NewToures -->
    </test> <!-- Test -->
  </suite> <!-- Suite -->
</testng-results>
